{
  "stats": {
    "suites": 1,
    "tests": 1,
    "passes": 1,
    "pending": 0,
    "failures": 0,
    "start": "2021-12-05T21:29:24.728Z",
    "end": "2021-12-05T21:29:44.705Z",
    "duration": 19977,
    "testsRegistered": 1,
    "passPercent": 100,
    "pendingPercent": 0,
    "other": 0,
    "hasOther": false,
    "skipped": 0,
    "hasSkipped": false
  },
  "results": [
    {
      "uuid": "5064a457-5953-4713-95e0-c5042615a9d1",
      "title": "",
      "fullFile": "cypress/integration/cadastro.spec.js",
      "file": "cypress/integration/cadastro.spec.js",
      "beforeHooks": [],
      "afterHooks": [],
      "tests": [],
      "suites": [
        {
          "uuid": "9febf006-c3bf-456a-8303-65d2d3c3cd8e",
          "title": "Cadastro",
          "fullFile": "",
          "file": "",
          "beforeHooks": [],
          "afterHooks": [],
          "tests": [
            {
              "title": "Quando eu informar os dados e finalizar, então o cadastro é realizado",
              "fullTitle": "Cadastro Quando eu informar os dados e finalizar, então o cadastro é realizado",
              "timedOut": null,
              "duration": 19801,
              "state": "passed",
              "speed": "slow",
              "pass": true,
              "fail": false,
              "pending": false,
              "context": null,
              "code": "cy.visit(\"/\");\ncy.get(\"input#email_create\").type(chance.email());\ncy.get(\"#SubmitCreate\").click();\ncy.get(\"select#id_state\").select(\"Arizona\");\ncy.get(\"input#id_gender1\").check();\ncy.get(\"input#customer_firstname\").type(chance.first());\ncy.get(\"input#customer_lastname\").type(chance.last());\ncy.get(\"input#email\").should('be.visible');\ncy.get(\"input#passwd\").type(\"Aluno@21\");\ncy.get(\"select#days\").select(\"28\", {\n  force: true\n});\ncy.get(\"select#months\").select(\"April\", {\n  force: true\n});\ncy.get(\"select#years\").select(\"1998\", {\n  force: true\n});\ncy.get(\"input#newsletter\").check();\ncy.get(\"input#optin\").check();\ncy.get(\"input#firstname\").type(chance.first());\ncy.get(\"input#lastname\").type(chance.last());\ncy.get(\"input#company\").type(chance.company());\ncy.get(\"input#address1\").type(chance.address());\ncy.get(\"input#address2\").type(chance.address());\ncy.get(\"input#city\").type(chance.city());\ncy.get(\"input#postcode\").type(\"12344\");\ncy.get(\"select#id_country\").select(\"United States\", {\n  force: true\n});\ncy.get(\"#other\").type(chance.animal());\ncy.get(\"input#phone\").type(chance.phone());\ncy.get(\"input#phone_mobile\").type(chance.phone());\ncy.get(\"input#alias\").type(\"12312\");\ncy.contains(\"Register\").click();\ncy.get(\"select#id_state\").select(\"Arizona\");\ncy.get(\"input#passwd\").type(\"Aluno@21\");\ncy.contains(\"Register\").click();\ncy.url().should(\"contain\", \"my-account\");",
              "err": {},
              "uuid": "3543c2c4-0be0-420e-9ffc-a25b75c459fc",
              "parentUUID": "9febf006-c3bf-456a-8303-65d2d3c3cd8e",
              "isHook": false,
              "skipped": false
            }
          ],
          "suites": [],
          "passes": [
            "3543c2c4-0be0-420e-9ffc-a25b75c459fc"
          ],
          "failures": [],
          "pending": [],
          "skipped": [],
          "duration": 19801,
          "root": false,
          "rootEmpty": false,
          "_timeout": 2000
        }
      ],
      "passes": [],
      "failures": [],
      "pending": [],
      "skipped": [],
      "duration": 0,
      "root": true,
      "rootEmpty": true,
      "_timeout": 2000
    }
  ],
  "meta": {
    "mocha": {
      "version": "7.0.1"
    },
    "mochawesome": {
      "options": {
        "quiet": true,
        "reportFilename": "mochawesome",
        "saveHtml": false,
        "saveJson": true,
        "consoleReporter": "spec",
        "useInlineDiffs": false,
        "code": true
      },
      "version": "7.0.1"
    },
    "marge": {
      "options": {
        "id": "default",
        "reporterDir": "mochawesome-report",
        "quiet": true,
        "overwrite": false,
        "html": false,
        "json": true
      },
      "version": "6.0.1"
    }
  }
}